2022-04-19 13:03:52 -  - exec CUpdateClientPartner::__CollectRequestData
2022-04-19 13:03:52 -  - exec CUpdateClientPartner::GetHTTPPage
2022-04-19 13:03:53 -  - exec CUpdateClientPartner::ParseServerData
2022-04-19 13:03:53 -  - exec CUpdateClientPartner::GetUpdatesList
2022-04-19 13:03:53 -  - exec CUpdateClientPartner::__CollectRequestData
2022-04-19 13:03:53 -  - utf=Y&lang=ru&stable=Y&CANGZIP=Y&SUPD_DBS=MYSQL&XE=N&CLIENT_SITE=localhost&LICENSE_KEY=X&SUPD_STS=1&SUPD_URS=0&SUPD_URSA=1&TYPENC=D&CLIENT_PHPVER=8.0.2&NGINX=Y&dbv=10.4.17&instm=main%2C21.400.100%2CY%3Babtest%2C21.0.0%2CN%3Bb24connector%2C21.0.0%2CN%3Bbitrix.eshop%2C21.0.100%2CN%3Bbitrix.sitecorporate%2C15.5.0%2CN%3Bbitrixcloud%2C21.0.0%2CN%3Bblog%2C21.200.0%2CN%3Bcatalog%2C21.200.0%2CN%3Bclouds%2C21.100.0%2CN%3Bconversion%2C21.0.0%2CN%3Bcurrency%2C21.100.0%2CN%3Bfileman%2C21.200.0%2CN%3Bform%2C21.0.0%2CN%3Bforum%2C21.100.0%2CN%3Bhighloadblock%2C21.100.0%2CN%3Biblock%2C21.400.100%2CN%3Blanding%2C21.300.300%2CN%3Bmessageservice%2C21.100.0%2CN%3Bmobileapp%2C21.0.50%2CN%3Bperfmon%2C21.0.0%2CN%3Bphotogallery%2C21.0.0%2CN%3Bpull%2C21.200.0%2CN%3Breport%2C21.100.0%2CN%3Brest%2C21.200.0%2CN%3Bsale%2C21.400.0%2CN%3Bscale%2C21.0.0%2CN%3Bsearch%2C21.0.100%2CN%3Bsecurity%2C21.0.0%2CN%3Bsender%2C21.100.100%2CN%3Bseo%2C21.300.0%2CN%3Bsocialservices%2C21.100.0%2CN%3Bstoreassist%2C21.0.0%2CN%3Bsubscribe%2C21.0.0%2CN%3Btranslate%2C21.100.0%2CN%3Bui%2C21.300.0%2CN%3Bvote%2C21.0.0%2CN&reqm=bitrix.eshop%2Cbitrix.sitecorporate&fullmoduleinfo=Y&SUPD_SRS=RU&SUPD_CMP=N
2022-04-19 13:03:53 -  - exec CUpdateClientPartner::GetHTTPPage
2022-04-19 13:03:53 -  - TIME GetUpdatesList(request) 0.327 sec
2022-04-19 13:03:53 -  - exec CUpdateClientPartner::ParseServerData
2022-04-19 13:03:53 -  - exec CUpdateClientPartner::__CollectRequestData
2022-04-19 13:03:53 -  - exec CUpdateClientPartner::GetHTTPPage
2022-04-19 13:03:53 -  - exec CUpdateClientPartner::ParseServerData
2022-04-19 15:37:17 -  - exec CUpdateClientPartner::GetUpdatesList
2022-04-19 15:37:17 -  - exec CUpdateClientPartner::__CollectRequestData
2022-04-19 15:37:17 -  - utf=Y&lang=ru&stable=Y&CANGZIP=Y&SUPD_DBS=MYSQL&XE=N&CLIENT_SITE=localhost&LICENSE_KEY=X&SUPD_STS=1&SUPD_URS=0&SUPD_URSA=1&TYPENC=D&CLIENT_PHPVER=8.0.2&NGINX=Y&dbv=10.4.17&instm=main%2C21.400.100%2CY%3Babtest%2C21.0.0%2CN%3Bb24connector%2C21.0.0%2CN%3Bbitrix.eshop%2C21.0.100%2CN%3Bbitrix.sitecorporate%2C15.5.0%2CN%3Bbitrixcloud%2C21.0.0%2CN%3Bblog%2C21.200.0%2CN%3Bcatalog%2C21.200.0%2CN%3Bclouds%2C21.100.0%2CN%3Bconversion%2C21.0.0%2CN%3Bcurrency%2C21.100.0%2CN%3Bfileman%2C21.200.0%2CN%3Bform%2C21.0.0%2CN%3Bforum%2C21.100.0%2CN%3Bhighloadblock%2C21.100.0%2CN%3Biblock%2C21.400.100%2CN%3Blanding%2C21.300.300%2CN%3Bmessageservice%2C21.100.0%2CN%3Bmobileapp%2C21.0.50%2CN%3Bperfmon%2C21.0.0%2CN%3Bphotogallery%2C21.0.0%2CN%3Bpull%2C21.200.0%2CN%3Breport%2C21.100.0%2CN%3Brest%2C21.200.0%2CN%3Bsale%2C21.400.0%2CN%3Bscale%2C21.0.0%2CN%3Bsearch%2C21.0.100%2CN%3Bsecurity%2C21.0.0%2CN%3Bsender%2C21.100.100%2CN%3Bseo%2C21.300.0%2CN%3Bsocialservices%2C21.100.0%2CN%3Bstoreassist%2C21.0.0%2CN%3Bsubscribe%2C21.0.0%2CN%3Btranslate%2C21.100.0%2CN%3Bui%2C21.300.0%2CN%3Bvote%2C21.0.0%2CN&reqm=bitrix.eshop%2Cbitrix.sitecorporate&SUPD_SRS=RU&SUPD_CMP=N
2022-04-19 15:37:17 -  - exec CUpdateClientPartner::GetHTTPPage
2022-04-19 15:37:17 -  - TIME GetUpdatesList(request) 0.596 sec
2022-04-19 15:37:17 -  - exec CUpdateClientPartner::ParseServerData
2022-04-19 15:37:25 -  - exec CUpdateClientPartner::GetUpdatesList
2022-04-19 15:37:25 -  - exec CUpdateClientPartner::__CollectRequestData
2022-04-19 15:37:25 -  - utf=Y&lang=ru&stable=Y&CANGZIP=Y&SUPD_DBS=MYSQL&XE=N&CLIENT_SITE=localhost&LICENSE_KEY=X&SUPD_STS=1&SUPD_URS=0&SUPD_URSA=1&TYPENC=D&CLIENT_PHPVER=8.0.2&NGINX=Y&dbv=10.4.17&instm=main%2C21.400.100%2CY%3Babtest%2C21.0.0%2CN%3Bb24connector%2C21.0.0%2CN%3Bbitrix.eshop%2C21.0.100%2CN%3Bbitrix.sitecorporate%2C15.5.0%2CN%3Bbitrixcloud%2C21.0.0%2CN%3Bblog%2C21.200.0%2CN%3Bcatalog%2C21.200.0%2CN%3Bclouds%2C21.100.0%2CN%3Bconversion%2C21.0.0%2CN%3Bcurrency%2C21.100.0%2CN%3Bfileman%2C21.200.0%2CN%3Bform%2C21.0.0%2CN%3Bforum%2C21.100.0%2CN%3Bhighloadblock%2C21.100.0%2CN%3Biblock%2C21.400.100%2CN%3Blanding%2C21.300.300%2CN%3Bmessageservice%2C21.100.0%2CN%3Bmobileapp%2C21.0.50%2CN%3Bperfmon%2C21.0.0%2CN%3Bphotogallery%2C21.0.0%2CN%3Bpull%2C21.200.0%2CN%3Breport%2C21.100.0%2CN%3Brest%2C21.200.0%2CN%3Bsale%2C21.400.0%2CN%3Bscale%2C21.0.0%2CN%3Bsearch%2C21.0.100%2CN%3Bsecurity%2C21.0.0%2CN%3Bsender%2C21.100.100%2CN%3Bseo%2C21.300.0%2CN%3Bsocialservices%2C21.100.0%2CN%3Bstoreassist%2C21.0.0%2CN%3Bsubscribe%2C21.0.0%2CN%3Btranslate%2C21.100.0%2CN%3Bui%2C21.300.0%2CN%3Bvote%2C21.0.0%2CN&reqm=bitrix.eshop%2Cbitrix.sitecorporate&fullmoduleinfo=Y&SUPD_SRS=RU&SUPD_CMP=N
2022-04-19 15:37:25 -  - exec CUpdateClientPartner::GetHTTPPage
2022-04-19 15:37:26 -  - TIME GetUpdatesList(request) 0.417 sec
2022-04-19 15:37:26 -  - exec CUpdateClientPartner::ParseServerData
2022-04-21 09:57:05 -  - exec CUpdateClientPartner::__CollectRequestData
2022-04-21 09:57:05 -  - exec CUpdateClientPartner::__CollectRequestData
2022-04-21 09:57:05 -  - exec CUpdateClientPartner::__CollectRequestData
2022-04-21 09:57:05 -  - exec CUpdateClientPartner::GetHTTPPage
2022-04-21 09:57:05 -  - exec CUpdateClientPartner::GetHTTPPage
2022-04-21 09:57:05 -  - exec CUpdateClientPartner::GetHTTPPage
2022-04-21 09:57:06 -  - exec CUpdateClientPartner::ParseServerData
2022-04-21 09:57:06 -  - exec CUpdateClientPartner::ParseServerData
2022-04-21 09:57:06 -  - exec CUpdateClientPartner::ParseServerData
2022-04-21 09:57:06 -  - exec CUpdateClientPartner::GetUpdatesList
2022-04-21 09:57:06 -  - exec CUpdateClientPartner::GetUpdatesList
2022-04-21 09:57:06 -  - exec CUpdateClientPartner::GetUpdatesList
2022-04-21 09:57:06 -  - exec CUpdateClientPartner::__CollectRequestData
2022-04-21 09:57:06 -  - exec CUpdateClientPartner::__CollectRequestData
2022-04-21 09:57:06 -  - exec CUpdateClientPartner::__CollectRequestData
2022-04-21 09:57:06 -  - utf=Y&lang=ru&stable=Y&CANGZIP=Y&SUPD_DBS=MYSQL&XE=N&CLIENT_SITE=localhost&LICENSE_KEY=X&SUPD_STS=1&SUPD_URS=0&SUPD_URSA=1&TYPENC=D&CLIENT_PHPVER=8.0.2&NGINX=Y&dbv=10.4.17&instm=main%2C21.400.100%2CY%3Babtest%2C21.0.0%2CN%3Bb24connector%2C21.0.0%2CN%3Bbitrix.eshop%2C21.0.100%2CN%3Bbitrix.sitecorporate%2C15.5.0%2CN%3Bbitrixcloud%2C21.0.0%2CN%3Bblog%2C21.200.0%2CN%3Bcatalog%2C21.200.0%2CN%3Bclouds%2C21.100.0%2CN%3Bconversion%2C21.0.0%2CN%3Bcurrency%2C21.100.0%2CN%3Bfileman%2C21.200.0%2CN%3Bform%2C21.0.0%2CN%3Bforum%2C21.100.0%2CN%3Bhighloadblock%2C21.100.0%2CN%3Biblock%2C21.400.100%2CN%3Blanding%2C21.300.300%2CN%3Bmessageservice%2C21.100.0%2CN%3Bmobileapp%2C21.0.50%2CN%3Bperfmon%2C21.0.0%2CN%3Bphotogallery%2C21.0.0%2CN%3Bpull%2C21.200.0%2CN%3Breport%2C21.100.0%2CN%3Brest%2C21.200.0%2CN%3Bsale%2C21.400.0%2CN%3Bscale%2C21.0.0%2CN%3Bsearch%2C21.0.100%2CN%3Bsecurity%2C21.0.0%2CN%3Bsender%2C21.100.100%2CN%3Bseo%2C21.300.0%2CN%3Bsocialservices%2C21.100.0%2CN%3Bstoreassist%2C21.0.0%2CN%3Bsubscribe%2C21.0.0%2CN%3Btranslate%2C21.100.0%2CN%3Bui%2C21.300.0%2CN%3Bvote%2C21.0.0%2CN&reqm=bitrix.eshop%2Cbitrix.sitecorporate&fullmoduleinfo=Y&SUPD_SRS=RU&SUPD_CMP=N
2022-04-21 09:57:06 -  - utf=Y&lang=ru&stable=Y&CANGZIP=Y&SUPD_DBS=MYSQL&XE=N&CLIENT_SITE=localhost&LICENSE_KEY=X&SUPD_STS=1&SUPD_URS=0&SUPD_URSA=1&TYPENC=D&CLIENT_PHPVER=8.0.2&NGINX=Y&dbv=10.4.17&instm=main%2C21.400.100%2CY%3Babtest%2C21.0.0%2CN%3Bb24connector%2C21.0.0%2CN%3Bbitrix.eshop%2C21.0.100%2CN%3Bbitrix.sitecorporate%2C15.5.0%2CN%3Bbitrixcloud%2C21.0.0%2CN%3Bblog%2C21.200.0%2CN%3Bcatalog%2C21.200.0%2CN%3Bclouds%2C21.100.0%2CN%3Bconversion%2C21.0.0%2CN%3Bcurrency%2C21.100.0%2CN%3Bfileman%2C21.200.0%2CN%3Bform%2C21.0.0%2CN%3Bforum%2C21.100.0%2CN%3Bhighloadblock%2C21.100.0%2CN%3Biblock%2C21.400.100%2CN%3Blanding%2C21.300.300%2CN%3Bmessageservice%2C21.100.0%2CN%3Bmobileapp%2C21.0.50%2CN%3Bperfmon%2C21.0.0%2CN%3Bphotogallery%2C21.0.0%2CN%3Bpull%2C21.200.0%2CN%3Breport%2C21.100.0%2CN%3Brest%2C21.200.0%2CN%3Bsale%2C21.400.0%2CN%3Bscale%2C21.0.0%2CN%3Bsearch%2C21.0.100%2CN%3Bsecurity%2C21.0.0%2CN%3Bsender%2C21.100.100%2CN%3Bseo%2C21.300.0%2CN%3Bsocialservices%2C21.100.0%2CN%3Bstoreassist%2C21.0.0%2CN%3Bsubscribe%2C21.0.0%2CN%3Btranslate%2C21.100.0%2CN%3Bui%2C21.300.0%2CN%3Bvote%2C21.0.0%2CN&reqm=bitrix.eshop%2Cbitrix.sitecorporate&fullmoduleinfo=Y&SUPD_SRS=RU&SUPD_CMP=N
2022-04-21 09:57:06 -  - exec CUpdateClientPartner::GetHTTPPage
2022-04-21 09:57:06 -  - utf=Y&lang=ru&stable=Y&CANGZIP=Y&SUPD_DBS=MYSQL&XE=N&CLIENT_SITE=localhost&LICENSE_KEY=X&SUPD_STS=1&SUPD_URS=0&SUPD_URSA=1&TYPENC=D&CLIENT_PHPVER=8.0.2&NGINX=Y&dbv=10.4.17&instm=main%2C21.400.100%2CY%3Babtest%2C21.0.0%2CN%3Bb24connector%2C21.0.0%2CN%3Bbitrix.eshop%2C21.0.100%2CN%3Bbitrix.sitecorporate%2C15.5.0%2CN%3Bbitrixcloud%2C21.0.0%2CN%3Bblog%2C21.200.0%2CN%3Bcatalog%2C21.200.0%2CN%3Bclouds%2C21.100.0%2CN%3Bconversion%2C21.0.0%2CN%3Bcurrency%2C21.100.0%2CN%3Bfileman%2C21.200.0%2CN%3Bform%2C21.0.0%2CN%3Bforum%2C21.100.0%2CN%3Bhighloadblock%2C21.100.0%2CN%3Biblock%2C21.400.100%2CN%3Blanding%2C21.300.300%2CN%3Bmessageservice%2C21.100.0%2CN%3Bmobileapp%2C21.0.50%2CN%3Bperfmon%2C21.0.0%2CN%3Bphotogallery%2C21.0.0%2CN%3Bpull%2C21.200.0%2CN%3Breport%2C21.100.0%2CN%3Brest%2C21.200.0%2CN%3Bsale%2C21.400.0%2CN%3Bscale%2C21.0.0%2CN%3Bsearch%2C21.0.100%2CN%3Bsecurity%2C21.0.0%2CN%3Bsender%2C21.100.100%2CN%3Bseo%2C21.300.0%2CN%3Bsocialservices%2C21.100.0%2CN%3Bstoreassist%2C21.0.0%2CN%3Bsubscribe%2C21.0.0%2CN%3Btranslate%2C21.100.0%2CN%3Bui%2C21.300.0%2CN%3Bvote%2C21.0.0%2CN&reqm=bitrix.eshop%2Cbitrix.sitecorporate&fullmoduleinfo=Y&SUPD_SRS=RU&SUPD_CMP=N
2022-04-21 09:57:06 -  - exec CUpdateClientPartner::GetHTTPPage
2022-04-21 09:57:06 -  - exec CUpdateClientPartner::GetHTTPPage
2022-04-21 09:57:07 -  - TIME GetUpdatesList(request) 0.334 sec
2022-04-21 09:57:07 -  - TIME GetUpdatesList(request) 0.336 sec
2022-04-21 09:57:07 -  - exec CUpdateClientPartner::ParseServerData
2022-04-21 09:57:07 -  - TIME GetUpdatesList(request) 0.333 sec
2022-04-21 09:57:07 -  - exec CUpdateClientPartner::ParseServerData
2022-04-21 09:57:07 -  - exec CUpdateClientPartner::ParseServerData
2022-04-21 09:57:07 -  - exec CUpdateClientPartner::__CollectRequestData
2022-04-21 09:57:07 -  - exec CUpdateClientPartner::__CollectRequestData
2022-04-21 09:57:07 -  - exec CUpdateClientPartner::__CollectRequestData
2022-04-21 09:57:07 -  - exec CUpdateClientPartner::GetHTTPPage
2022-04-21 09:57:07 -  - exec CUpdateClientPartner::GetHTTPPage
2022-04-21 09:57:07 -  - exec CUpdateClientPartner::GetHTTPPage
2022-04-21 09:57:07 -  - exec CUpdateClientPartner::ParseServerData
2022-04-21 09:57:07 -  - exec CUpdateClientPartner::ParseServerData
2022-04-21 09:57:07 -  - exec CUpdateClientPartner::ParseServerData
2022-04-21 09:57:17 -  - exec CUpdateClientPartner::__CollectRequestData
2022-04-21 09:57:17 -  - exec CUpdateClientPartner::GetHTTPPage
2022-04-21 09:57:18 -  - exec CUpdateClientPartner::ParseServerData
2022-04-21 09:57:18 -  - exec CUpdateClientPartner::GetUpdatesList
2022-04-21 09:57:18 -  - exec CUpdateClientPartner::__CollectRequestData
2022-04-21 09:57:18 -  - utf=Y&lang=ru&stable=Y&CANGZIP=Y&SUPD_DBS=MYSQL&XE=N&CLIENT_SITE=localhost&LICENSE_KEY=X&SUPD_STS=1&SUPD_URS=0&SUPD_URSA=1&TYPENC=D&CLIENT_PHPVER=8.0.2&NGINX=Y&dbv=10.4.17&instm=main%2C21.400.100%2CY%3Babtest%2C21.0.0%2CN%3Bb24connector%2C21.0.0%2CN%3Bbitrix.eshop%2C21.0.100%2CN%3Bbitrix.sitecorporate%2C15.5.0%2CN%3Bbitrixcloud%2C21.0.0%2CN%3Bblog%2C21.200.0%2CN%3Bcatalog%2C21.200.0%2CN%3Bclouds%2C21.100.0%2CN%3Bconversion%2C21.0.0%2CN%3Bcurrency%2C21.100.0%2CN%3Bfileman%2C21.200.0%2CN%3Bform%2C21.0.0%2CN%3Bforum%2C21.100.0%2CN%3Bhighloadblock%2C21.100.0%2CN%3Biblock%2C21.400.100%2CN%3Blanding%2C21.300.300%2CN%3Bmessageservice%2C21.100.0%2CN%3Bmobileapp%2C21.0.50%2CN%3Bperfmon%2C21.0.0%2CN%3Bphotogallery%2C21.0.0%2CN%3Bpull%2C21.200.0%2CN%3Breport%2C21.100.0%2CN%3Brest%2C21.200.0%2CN%3Bsale%2C21.400.0%2CN%3Bscale%2C21.0.0%2CN%3Bsearch%2C21.0.100%2CN%3Bsecurity%2C21.0.0%2CN%3Bsender%2C21.100.100%2CN%3Bseo%2C21.300.0%2CN%3Bsocialservices%2C21.100.0%2CN%3Bstoreassist%2C21.0.0%2CN%3Bsubscribe%2C21.0.0%2CN%3Btranslate%2C21.100.0%2CN%3Bui%2C21.300.0%2CN%3Bvote%2C21.0.0%2CN&reqm=bitrix.eshop%2Cbitrix.sitecorporate&fullmoduleinfo=Y&SUPD_SRS=RU&SUPD_CMP=N
2022-04-21 09:57:18 -  - exec CUpdateClientPartner::GetHTTPPage
2022-04-21 09:57:18 -  - TIME GetUpdatesList(request) 0.343 sec
2022-04-21 09:57:18 -  - exec CUpdateClientPartner::ParseServerData
2022-04-21 09:57:18 -  - exec CUpdateClientPartner::__CollectRequestData
2022-04-21 09:57:18 -  - exec CUpdateClientPartner::GetHTTPPage
2022-04-21 09:57:19 -  - exec CUpdateClientPartner::ParseServerData
2022-04-22 13:08:33 -  - exec CUpdateClientPartner::__CollectRequestData
2022-04-22 13:08:33 -  - exec CUpdateClientPartner::__CollectRequestData
2022-04-22 13:08:33 -  - exec CUpdateClientPartner::__CollectRequestData
2022-04-22 13:08:34 -  - exec CUpdateClientPartner::GetHTTPPage
2022-04-22 13:08:34 -  - exec CUpdateClientPartner::GetHTTPPage
2022-04-22 13:08:34 -  - exec CUpdateClientPartner::GetHTTPPage
2022-04-22 13:08:34 -  - exec CUpdateClientPartner::ParseServerData
2022-04-22 13:08:34 -  - exec CUpdateClientPartner::ParseServerData
2022-04-22 13:08:34 -  - exec CUpdateClientPartner::ParseServerData
2022-04-22 13:08:34 -  - exec CUpdateClientPartner::GetUpdatesList
2022-04-22 13:08:34 -  - exec CUpdateClientPartner::GetUpdatesList
2022-04-22 13:08:34 -  - exec CUpdateClientPartner::GetUpdatesList
2022-04-22 13:08:34 -  - exec CUpdateClientPartner::__CollectRequestData
2022-04-22 13:08:34 -  - exec CUpdateClientPartner::__CollectRequestData
2022-04-22 13:08:34 -  - exec CUpdateClientPartner::__CollectRequestData
2022-04-22 13:08:34 -  - utf=Y&lang=ru&stable=Y&CANGZIP=Y&SUPD_DBS=MYSQL&XE=N&CLIENT_SITE=localhost&LICENSE_KEY=X&SUPD_STS=1&SUPD_URS=0&SUPD_URSA=1&TYPENC=D&CLIENT_PHPVER=8.0.2&NGINX=Y&dbv=10.4.17&instm=main%2C21.400.100%2CY%3Babtest%2C21.0.0%2CN%3Bb24connector%2C21.0.0%2CN%3Bbitrix.eshop%2C21.0.100%2CN%3Bbitrix.sitecorporate%2C15.5.0%2CN%3Bbitrixcloud%2C21.0.0%2CN%3Bblog%2C21.200.0%2CN%3Bcatalog%2C21.200.0%2CN%3Bclouds%2C21.100.0%2CN%3Bconversion%2C21.0.0%2CN%3Bcurrency%2C21.100.0%2CN%3Bfileman%2C21.200.0%2CN%3Bform%2C21.0.0%2CN%3Bforum%2C21.100.0%2CN%3Bhighloadblock%2C21.100.0%2CN%3Biblock%2C21.400.100%2CN%3Blanding%2C21.300.300%2CN%3Bmessageservice%2C21.100.0%2CN%3Bmobileapp%2C21.0.50%2CN%3Bperfmon%2C21.0.0%2CN%3Bphotogallery%2C21.0.0%2CN%3Bpull%2C21.200.0%2CN%3Breport%2C21.100.0%2CN%3Brest%2C21.200.0%2CN%3Bsale%2C21.400.0%2CN%3Bscale%2C21.0.0%2CN%3Bsearch%2C21.0.100%2CN%3Bsecurity%2C21.0.0%2CN%3Bsender%2C21.100.100%2CN%3Bseo%2C21.300.0%2CN%3Bsocialservices%2C21.100.0%2CN%3Bstoreassist%2C21.0.0%2CN%3Bsubscribe%2C21.0.0%2CN%3Btranslate%2C21.100.0%2CN%3Bui%2C21.300.0%2CN%3Bvote%2C21.0.0%2CN&reqm=bitrix.eshop%2Cbitrix.sitecorporate&fullmoduleinfo=Y&SUPD_SRS=RU&SUPD_CMP=N
2022-04-22 13:08:34 -  - utf=Y&lang=ru&stable=Y&CANGZIP=Y&SUPD_DBS=MYSQL&XE=N&CLIENT_SITE=localhost&LICENSE_KEY=X&SUPD_STS=1&SUPD_URS=0&SUPD_URSA=1&TYPENC=D&CLIENT_PHPVER=8.0.2&NGINX=Y&dbv=10.4.17&instm=main%2C21.400.100%2CY%3Babtest%2C21.0.0%2CN%3Bb24connector%2C21.0.0%2CN%3Bbitrix.eshop%2C21.0.100%2CN%3Bbitrix.sitecorporate%2C15.5.0%2CN%3Bbitrixcloud%2C21.0.0%2CN%3Bblog%2C21.200.0%2CN%3Bcatalog%2C21.200.0%2CN%3Bclouds%2C21.100.0%2CN%3Bconversion%2C21.0.0%2CN%3Bcurrency%2C21.100.0%2CN%3Bfileman%2C21.200.0%2CN%3Bform%2C21.0.0%2CN%3Bforum%2C21.100.0%2CN%3Bhighloadblock%2C21.100.0%2CN%3Biblock%2C21.400.100%2CN%3Blanding%2C21.300.300%2CN%3Bmessageservice%2C21.100.0%2CN%3Bmobileapp%2C21.0.50%2CN%3Bperfmon%2C21.0.0%2CN%3Bphotogallery%2C21.0.0%2CN%3Bpull%2C21.200.0%2CN%3Breport%2C21.100.0%2CN%3Brest%2C21.200.0%2CN%3Bsale%2C21.400.0%2CN%3Bscale%2C21.0.0%2CN%3Bsearch%2C21.0.100%2CN%3Bsecurity%2C21.0.0%2CN%3Bsender%2C21.100.100%2CN%3Bseo%2C21.300.0%2CN%3Bsocialservices%2C21.100.0%2CN%3Bstoreassist%2C21.0.0%2CN%3Bsubscribe%2C21.0.0%2CN%3Btranslate%2C21.100.0%2CN%3Bui%2C21.300.0%2CN%3Bvote%2C21.0.0%2CN&reqm=bitrix.eshop%2Cbitrix.sitecorporate&fullmoduleinfo=Y&SUPD_SRS=RU&SUPD_CMP=N
2022-04-22 13:08:34 -  - exec CUpdateClientPartner::GetHTTPPage
2022-04-22 13:08:34 -  - utf=Y&lang=ru&stable=Y&CANGZIP=Y&SUPD_DBS=MYSQL&XE=N&CLIENT_SITE=localhost&LICENSE_KEY=X&SUPD_STS=1&SUPD_URS=0&SUPD_URSA=1&TYPENC=D&CLIENT_PHPVER=8.0.2&NGINX=Y&dbv=10.4.17&instm=main%2C21.400.100%2CY%3Babtest%2C21.0.0%2CN%3Bb24connector%2C21.0.0%2CN%3Bbitrix.eshop%2C21.0.100%2CN%3Bbitrix.sitecorporate%2C15.5.0%2CN%3Bbitrixcloud%2C21.0.0%2CN%3Bblog%2C21.200.0%2CN%3Bcatalog%2C21.200.0%2CN%3Bclouds%2C21.100.0%2CN%3Bconversion%2C21.0.0%2CN%3Bcurrency%2C21.100.0%2CN%3Bfileman%2C21.200.0%2CN%3Bform%2C21.0.0%2CN%3Bforum%2C21.100.0%2CN%3Bhighloadblock%2C21.100.0%2CN%3Biblock%2C21.400.100%2CN%3Blanding%2C21.300.300%2CN%3Bmessageservice%2C21.100.0%2CN%3Bmobileapp%2C21.0.50%2CN%3Bperfmon%2C21.0.0%2CN%3Bphotogallery%2C21.0.0%2CN%3Bpull%2C21.200.0%2CN%3Breport%2C21.100.0%2CN%3Brest%2C21.200.0%2CN%3Bsale%2C21.400.0%2CN%3Bscale%2C21.0.0%2CN%3Bsearch%2C21.0.100%2CN%3Bsecurity%2C21.0.0%2CN%3Bsender%2C21.100.100%2CN%3Bseo%2C21.300.0%2CN%3Bsocialservices%2C21.100.0%2CN%3Bstoreassist%2C21.0.0%2CN%3Bsubscribe%2C21.0.0%2CN%3Btranslate%2C21.100.0%2CN%3Bui%2C21.300.0%2CN%3Bvote%2C21.0.0%2CN&reqm=bitrix.eshop%2Cbitrix.sitecorporate&fullmoduleinfo=Y&SUPD_SRS=RU&SUPD_CMP=N
2022-04-22 13:08:34 -  - exec CUpdateClientPartner::GetHTTPPage
2022-04-22 13:08:34 -  - exec CUpdateClientPartner::GetHTTPPage
2022-04-22 13:08:34 -  - TIME GetUpdatesList(request) 0.332 sec
2022-04-22 13:08:34 -  - TIME GetUpdatesList(request) 0.346 sec
2022-04-22 13:08:34 -  - TIME GetUpdatesList(request) 0.321 sec
2022-04-22 13:08:34 -  - exec CUpdateClientPartner::ParseServerData
2022-04-22 13:08:34 -  - exec CUpdateClientPartner::ParseServerData
2022-04-22 13:08:34 -  - exec CUpdateClientPartner::ParseServerData
2022-04-22 13:08:34 -  - exec CUpdateClientPartner::__CollectRequestData
2022-04-22 13:08:34 -  - exec CUpdateClientPartner::__CollectRequestData
2022-04-22 13:08:34 -  - exec CUpdateClientPartner::__CollectRequestData
2022-04-22 13:08:34 -  - exec CUpdateClientPartner::GetHTTPPage
2022-04-22 13:08:34 -  - exec CUpdateClientPartner::GetHTTPPage
2022-04-22 13:08:34 -  - exec CUpdateClientPartner::GetHTTPPage
2022-04-22 13:08:35 -  - exec CUpdateClientPartner::ParseServerData
2022-04-22 13:08:35 -  - exec CUpdateClientPartner::ParseServerData
2022-04-22 13:08:35 -  - exec CUpdateClientPartner::ParseServerData
2022-04-22 13:08:37 -  - exec CUpdateClientPartner::__CollectRequestData
2022-04-22 13:08:37 -  - exec CUpdateClientPartner::GetHTTPPage
2022-04-22 13:08:37 -  - exec CUpdateClientPartner::ParseServerData
2022-04-22 13:08:37 -  - exec CUpdateClientPartner::GetUpdatesList
2022-04-22 13:08:37 -  - exec CUpdateClientPartner::__CollectRequestData
2022-04-22 13:08:37 -  - utf=Y&lang=ru&stable=Y&CANGZIP=Y&SUPD_DBS=MYSQL&XE=N&CLIENT_SITE=localhost&LICENSE_KEY=X&SUPD_STS=1&SUPD_URS=0&SUPD_URSA=1&TYPENC=D&CLIENT_PHPVER=8.0.2&NGINX=Y&dbv=10.4.17&instm=main%2C21.400.100%2CY%3Babtest%2C21.0.0%2CN%3Bb24connector%2C21.0.0%2CN%3Bbitrix.eshop%2C21.0.100%2CN%3Bbitrix.sitecorporate%2C15.5.0%2CN%3Bbitrixcloud%2C21.0.0%2CN%3Bblog%2C21.200.0%2CN%3Bcatalog%2C21.200.0%2CN%3Bclouds%2C21.100.0%2CN%3Bconversion%2C21.0.0%2CN%3Bcurrency%2C21.100.0%2CN%3Bfileman%2C21.200.0%2CN%3Bform%2C21.0.0%2CN%3Bforum%2C21.100.0%2CN%3Bhighloadblock%2C21.100.0%2CN%3Biblock%2C21.400.100%2CN%3Blanding%2C21.300.300%2CN%3Bmessageservice%2C21.100.0%2CN%3Bmobileapp%2C21.0.50%2CN%3Bperfmon%2C21.0.0%2CN%3Bphotogallery%2C21.0.0%2CN%3Bpull%2C21.200.0%2CN%3Breport%2C21.100.0%2CN%3Brest%2C21.200.0%2CN%3Bsale%2C21.400.0%2CN%3Bscale%2C21.0.0%2CN%3Bsearch%2C21.0.100%2CN%3Bsecurity%2C21.0.0%2CN%3Bsender%2C21.100.100%2CN%3Bseo%2C21.300.0%2CN%3Bsocialservices%2C21.100.0%2CN%3Bstoreassist%2C21.0.0%2CN%3Bsubscribe%2C21.0.0%2CN%3Btranslate%2C21.100.0%2CN%3Bui%2C21.300.0%2CN%3Bvote%2C21.0.0%2CN&reqm=bitrix.eshop%2Cbitrix.sitecorporate&fullmoduleinfo=Y&SUPD_SRS=RU&SUPD_CMP=N
2022-04-22 13:08:37 -  - exec CUpdateClientPartner::GetHTTPPage
2022-04-22 13:08:38 -  - TIME GetUpdatesList(request) 0.327 sec
2022-04-22 13:08:38 -  - exec CUpdateClientPartner::ParseServerData
2022-04-22 13:08:38 -  - exec CUpdateClientPartner::__CollectRequestData
2022-04-22 13:08:38 -  - exec CUpdateClientPartner::GetHTTPPage
2022-04-22 13:08:38 -  - exec CUpdateClientPartner::ParseServerData
